CRITICAL - 2022-03-05 19:40:17 --> Declaration of App\Controllers\Eventos::update() should be compatible with CodeIgniter\RESTful\ResourceController::update($id = NULL)
#0 /var/www/html/APIREST_generica/app/Controllers/Eventos.php(7): CodeIgniter\Debug\Exceptions->errorHandler()
#1 /var/www/html/APIREST_generica/system/Router/Router.php(518): include_once('/var/www/html/A...')
#2 /var/www/html/APIREST_generica/system/Router/Router.php(175): CodeIgniter\Router\Router->autoRoute()
#3 /var/www/html/APIREST_generica/system/CodeIgniter.php(726): CodeIgniter\Router\Router->handle()
#4 /var/www/html/APIREST_generica/system/CodeIgniter.php(368): CodeIgniter\CodeIgniter->tryToRouteIt()
#5 /var/www/html/APIREST_generica/system/CodeIgniter.php(326): CodeIgniter\CodeIgniter->handleRequest()
#6 /var/www/html/APIREST_generica/public/index.php(37): CodeIgniter\CodeIgniter->run()
#7 {main}
CRITICAL - 2022-03-05 19:41:04 --> Declaration of App\Controllers\Eventos::update() should be compatible with CodeIgniter\RESTful\ResourceController::update($id = NULL)
#0 /var/www/html/APIREST_generica/app/Controllers/Eventos.php(7): CodeIgniter\Debug\Exceptions->errorHandler()
#1 /var/www/html/APIREST_generica/system/Router/Router.php(518): include_once('/var/www/html/A...')
#2 /var/www/html/APIREST_generica/system/Router/Router.php(175): CodeIgniter\Router\Router->autoRoute()
#3 /var/www/html/APIREST_generica/system/CodeIgniter.php(726): CodeIgniter\Router\Router->handle()
#4 /var/www/html/APIREST_generica/system/CodeIgniter.php(368): CodeIgniter\CodeIgniter->tryToRouteIt()
#5 /var/www/html/APIREST_generica/system/CodeIgniter.php(326): CodeIgniter\CodeIgniter->handleRequest()
#6 /var/www/html/APIREST_generica/public/index.php(37): CodeIgniter\CodeIgniter->run()
#7 {main}
CRITICAL - 2022-03-05 19:41:06 --> Declaration of App\Controllers\Eventos::update() should be compatible with CodeIgniter\RESTful\ResourceController::update($id = NULL)
#0 /var/www/html/APIREST_generica/app/Controllers/Eventos.php(7): CodeIgniter\Debug\Exceptions->errorHandler()
#1 /var/www/html/APIREST_generica/system/Router/Router.php(518): include_once('/var/www/html/A...')
#2 /var/www/html/APIREST_generica/system/Router/Router.php(175): CodeIgniter\Router\Router->autoRoute()
#3 /var/www/html/APIREST_generica/system/CodeIgniter.php(726): CodeIgniter\Router\Router->handle()
#4 /var/www/html/APIREST_generica/system/CodeIgniter.php(368): CodeIgniter\CodeIgniter->tryToRouteIt()
#5 /var/www/html/APIREST_generica/system/CodeIgniter.php(326): CodeIgniter\CodeIgniter->handleRequest()
#6 /var/www/html/APIREST_generica/public/index.php(37): CodeIgniter\CodeIgniter->run()
#7 {main}
CRITICAL - 2022-03-05 19:41:20 --> Declaration of App\Controllers\Eventos::update() should be compatible with CodeIgniter\RESTful\ResourceController::update($id = NULL)
#0 /var/www/html/APIREST_generica/app/Controllers/Eventos.php(7): CodeIgniter\Debug\Exceptions->errorHandler()
#1 /var/www/html/APIREST_generica/system/Router/Router.php(518): include_once('/var/www/html/A...')
#2 /var/www/html/APIREST_generica/system/Router/Router.php(175): CodeIgniter\Router\Router->autoRoute()
#3 /var/www/html/APIREST_generica/system/CodeIgniter.php(726): CodeIgniter\Router\Router->handle()
#4 /var/www/html/APIREST_generica/system/CodeIgniter.php(368): CodeIgniter\CodeIgniter->tryToRouteIt()
#5 /var/www/html/APIREST_generica/system/CodeIgniter.php(326): CodeIgniter\CodeIgniter->handleRequest()
#6 /var/www/html/APIREST_generica/public/index.php(37): CodeIgniter\CodeIgniter->run()
#7 {main}
CRITICAL - 2022-03-05 19:41:55 --> Declaration of App\Controllers\Eventos::update() should be compatible with CodeIgniter\RESTful\ResourceController::update($id = NULL)
#0 /var/www/html/APIREST_generica/app/Controllers/Eventos.php(7): CodeIgniter\Debug\Exceptions->errorHandler()
#1 /var/www/html/APIREST_generica/system/Router/Router.php(518): include_once('/var/www/html/A...')
#2 /var/www/html/APIREST_generica/system/Router/Router.php(175): CodeIgniter\Router\Router->autoRoute()
#3 /var/www/html/APIREST_generica/system/CodeIgniter.php(726): CodeIgniter\Router\Router->handle()
#4 /var/www/html/APIREST_generica/system/CodeIgniter.php(368): CodeIgniter\CodeIgniter->tryToRouteIt()
#5 /var/www/html/APIREST_generica/system/CodeIgniter.php(326): CodeIgniter\CodeIgniter->handleRequest()
#6 /var/www/html/APIREST_generica/public/index.php(37): CodeIgniter\CodeIgniter->run()
#7 {main}
CRITICAL - 2022-03-05 19:41:57 --> Declaration of App\Controllers\Eventos::update() should be compatible with CodeIgniter\RESTful\ResourceController::update($id = NULL)
#0 /var/www/html/APIREST_generica/app/Controllers/Eventos.php(7): CodeIgniter\Debug\Exceptions->errorHandler()
#1 /var/www/html/APIREST_generica/system/Router/Router.php(518): include_once('/var/www/html/A...')
#2 /var/www/html/APIREST_generica/system/Router/Router.php(175): CodeIgniter\Router\Router->autoRoute()
#3 /var/www/html/APIREST_generica/system/CodeIgniter.php(726): CodeIgniter\Router\Router->handle()
#4 /var/www/html/APIREST_generica/system/CodeIgniter.php(368): CodeIgniter\CodeIgniter->tryToRouteIt()
#5 /var/www/html/APIREST_generica/system/CodeIgniter.php(326): CodeIgniter\CodeIgniter->handleRequest()
#6 /var/www/html/APIREST_generica/public/index.php(37): CodeIgniter\CodeIgniter->run()
#7 {main}
CRITICAL - 2022-03-05 19:44:32 --> Declaration of App\Controllers\Eventos::update() should be compatible with CodeIgniter\RESTful\ResourceController::update($id = NULL)
#0 /var/www/html/APIREST_generica/app/Controllers/Eventos.php(7): CodeIgniter\Debug\Exceptions->errorHandler()
#1 /var/www/html/APIREST_generica/system/Router/Router.php(518): include_once('/var/www/html/A...')
#2 /var/www/html/APIREST_generica/system/Router/Router.php(175): CodeIgniter\Router\Router->autoRoute()
#3 /var/www/html/APIREST_generica/system/CodeIgniter.php(726): CodeIgniter\Router\Router->handle()
#4 /var/www/html/APIREST_generica/system/CodeIgniter.php(368): CodeIgniter\CodeIgniter->tryToRouteIt()
#5 /var/www/html/APIREST_generica/system/CodeIgniter.php(326): CodeIgniter\CodeIgniter->handleRequest()
#6 /var/www/html/APIREST_generica/public/index.php(37): CodeIgniter\CodeIgniter->run()
#7 {main}
CRITICAL - 2022-03-05 19:44:34 --> Declaration of App\Controllers\Eventos::update() should be compatible with CodeIgniter\RESTful\ResourceController::update($id = NULL)
#0 /var/www/html/APIREST_generica/app/Controllers/Eventos.php(7): CodeIgniter\Debug\Exceptions->errorHandler()
#1 /var/www/html/APIREST_generica/system/Router/Router.php(518): include_once('/var/www/html/A...')
#2 /var/www/html/APIREST_generica/system/Router/Router.php(175): CodeIgniter\Router\Router->autoRoute()
#3 /var/www/html/APIREST_generica/system/CodeIgniter.php(726): CodeIgniter\Router\Router->handle()
#4 /var/www/html/APIREST_generica/system/CodeIgniter.php(368): CodeIgniter\CodeIgniter->tryToRouteIt()
#5 /var/www/html/APIREST_generica/system/CodeIgniter.php(326): CodeIgniter\CodeIgniter->handleRequest()
#6 /var/www/html/APIREST_generica/public/index.php(37): CodeIgniter\CodeIgniter->run()
#7 {main}
CRITICAL - 2022-03-05 19:46:00 --> Declaration of App\Controllers\Eventos::update() should be compatible with CodeIgniter\RESTful\ResourceController::update($id = NULL)
#0 /var/www/html/APIREST_generica/app/Controllers/Eventos.php(7): CodeIgniter\Debug\Exceptions->errorHandler()
#1 /var/www/html/APIREST_generica/system/Router/Router.php(518): include_once('/var/www/html/A...')
#2 /var/www/html/APIREST_generica/system/Router/Router.php(175): CodeIgniter\Router\Router->autoRoute()
#3 /var/www/html/APIREST_generica/system/CodeIgniter.php(726): CodeIgniter\Router\Router->handle()
#4 /var/www/html/APIREST_generica/system/CodeIgniter.php(368): CodeIgniter\CodeIgniter->tryToRouteIt()
#5 /var/www/html/APIREST_generica/system/CodeIgniter.php(326): CodeIgniter\CodeIgniter->handleRequest()
#6 /var/www/html/APIREST_generica/public/index.php(37): CodeIgniter\CodeIgniter->run()
#7 {main}
CRITICAL - 2022-03-05 19:46:20 --> Declaration of App\Controllers\Eventos::update() should be compatible with CodeIgniter\RESTful\ResourceController::update($id = NULL)
#0 /var/www/html/APIREST_generica/app/Controllers/Eventos.php(7): CodeIgniter\Debug\Exceptions->errorHandler()
#1 /var/www/html/APIREST_generica/system/Router/Router.php(518): include_once('/var/www/html/A...')
#2 /var/www/html/APIREST_generica/system/Router/Router.php(175): CodeIgniter\Router\Router->autoRoute()
#3 /var/www/html/APIREST_generica/system/CodeIgniter.php(726): CodeIgniter\Router\Router->handle()
#4 /var/www/html/APIREST_generica/system/CodeIgniter.php(368): CodeIgniter\CodeIgniter->tryToRouteIt()
#5 /var/www/html/APIREST_generica/system/CodeIgniter.php(326): CodeIgniter\CodeIgniter->handleRequest()
#6 /var/www/html/APIREST_generica/public/index.php(37): CodeIgniter\CodeIgniter->run()
#7 {main}
CRITICAL - 2022-03-05 19:47:12 --> Declaration of App\Controllers\Eventos::update($id) should be compatible with CodeIgniter\RESTful\ResourceController::update($id = NULL)
#0 /var/www/html/APIREST_generica/app/Controllers/Eventos.php(7): CodeIgniter\Debug\Exceptions->errorHandler()
#1 /var/www/html/APIREST_generica/system/Router/Router.php(518): include_once('/var/www/html/A...')
#2 /var/www/html/APIREST_generica/system/Router/Router.php(175): CodeIgniter\Router\Router->autoRoute()
#3 /var/www/html/APIREST_generica/system/CodeIgniter.php(726): CodeIgniter\Router\Router->handle()
#4 /var/www/html/APIREST_generica/system/CodeIgniter.php(368): CodeIgniter\CodeIgniter->tryToRouteIt()
#5 /var/www/html/APIREST_generica/system/CodeIgniter.php(326): CodeIgniter\CodeIgniter->handleRequest()
#6 /var/www/html/APIREST_generica/public/index.php(37): CodeIgniter\CodeIgniter->run()
#7 {main}
CRITICAL - 2022-03-05 19:47:43 --> Declaration of App\Controllers\Eventos::delete($id) should be compatible with CodeIgniter\RESTful\ResourceController::delete($id = NULL)
#0 /var/www/html/APIREST_generica/app/Controllers/Eventos.php(7): CodeIgniter\Debug\Exceptions->errorHandler()
#1 /var/www/html/APIREST_generica/system/Router/Router.php(518): include_once('/var/www/html/A...')
#2 /var/www/html/APIREST_generica/system/Router/Router.php(175): CodeIgniter\Router\Router->autoRoute()
#3 /var/www/html/APIREST_generica/system/CodeIgniter.php(726): CodeIgniter\Router\Router->handle()
#4 /var/www/html/APIREST_generica/system/CodeIgniter.php(368): CodeIgniter\CodeIgniter->tryToRouteIt()
#5 /var/www/html/APIREST_generica/system/CodeIgniter.php(326): CodeIgniter\CodeIgniter->handleRequest()
#6 /var/www/html/APIREST_generica/public/index.php(37): CodeIgniter\CodeIgniter->run()
#7 {main}
CRITICAL - 2022-03-05 20:55:45 --> Declaration of App\Controllers\Eventos::show() should be compatible with CodeIgniter\RESTful\ResourceController::show($id = NULL)
#0 /var/www/html/APIREST_generica/app/Controllers/Eventos.php(7): CodeIgniter\Debug\Exceptions->errorHandler()
#1 /var/www/html/APIREST_generica/system/Router/Router.php(518): include_once('/var/www/html/A...')
#2 /var/www/html/APIREST_generica/system/Router/Router.php(175): CodeIgniter\Router\Router->autoRoute()
#3 /var/www/html/APIREST_generica/system/CodeIgniter.php(726): CodeIgniter\Router\Router->handle()
#4 /var/www/html/APIREST_generica/system/CodeIgniter.php(368): CodeIgniter\CodeIgniter->tryToRouteIt()
#5 /var/www/html/APIREST_generica/system/CodeIgniter.php(326): CodeIgniter\CodeIgniter->handleRequest()
#6 /var/www/html/APIREST_generica/public/index.php(37): CodeIgniter\CodeIgniter->run()
#7 {main}
CRITICAL - 2022-03-05 23:50:40 --> Class 'App\Controllers\MongoDB\Client' not found
#0 /var/www/html/APIREST_generica/system/CodeIgniter.php(832): App\Controllers\Eventos->index()
#1 /var/www/html/APIREST_generica/system/CodeIgniter.php(419): CodeIgniter\CodeIgniter->runController()
#2 /var/www/html/APIREST_generica/system/CodeIgniter.php(326): CodeIgniter\CodeIgniter->handleRequest()
#3 /var/www/html/APIREST_generica/public/index.php(37): CodeIgniter\CodeIgniter->run()
#4 {main}
