CRITICAL - 2022-03-10 16:09:20 --> Undefined property: App\Controllers\Jwt_test::$load
#0 /var/www/html/APIREST_generica/app/Controllers/Jwt_test.php(15): CodeIgniter\Debug\Exceptions->errorHandler()
#1 /var/www/html/APIREST_generica/system/CodeIgniter.php(809): App\Controllers\Jwt_test->__construct()
#2 /var/www/html/APIREST_generica/system/CodeIgniter.php(410): CodeIgniter\CodeIgniter->createController()
#3 /var/www/html/APIREST_generica/system/CodeIgniter.php(326): CodeIgniter\CodeIgniter->handleRequest()
#4 /var/www/html/APIREST_generica/public/index.php(37): CodeIgniter\CodeIgniter->run()
#5 {main}
CRITICAL - 2022-03-10 16:09:40 --> Call to undefined method App\Controllers\Jwt_test::helper()
#0 /var/www/html/APIREST_generica/system/CodeIgniter.php(809): App\Controllers\Jwt_test->__construct()
#1 /var/www/html/APIREST_generica/system/CodeIgniter.php(410): CodeIgniter\CodeIgniter->createController()
#2 /var/www/html/APIREST_generica/system/CodeIgniter.php(326): CodeIgniter\CodeIgniter->handleRequest()
#3 /var/www/html/APIREST_generica/public/index.php(37): CodeIgniter\CodeIgniter->run()
#4 {main}
CRITICAL - 2022-03-10 16:16:57 --> syntax error, unexpected ';', expecting ')'
#0 /var/www/html/APIREST_generica/app/Controllers/Jwt_test.php(15): helper()
#1 /var/www/html/APIREST_generica/system/CodeIgniter.php(809): App\Controllers\Jwt_test->__construct()
#2 /var/www/html/APIREST_generica/system/CodeIgniter.php(410): CodeIgniter\CodeIgniter->createController()
#3 /var/www/html/APIREST_generica/system/CodeIgniter.php(326): CodeIgniter\CodeIgniter->handleRequest()
#4 /var/www/html/APIREST_generica/public/index.php(37): CodeIgniter\CodeIgniter->run()
#5 {main}
CRITICAL - 2022-03-10 16:17:13 --> Too few arguments to function getJwt(), 0 passed in /var/www/html/APIREST_generica/app/Controllers/Jwt_test.php on line 29 and exactly 1 expected
#0 /var/www/html/APIREST_generica/app/Controllers/Jwt_test.php(29): getJwt()
#1 /var/www/html/APIREST_generica/system/CodeIgniter.php(832): App\Controllers\Jwt_test->index()
#2 /var/www/html/APIREST_generica/system/CodeIgniter.php(419): CodeIgniter\CodeIgniter->runController()
#3 /var/www/html/APIREST_generica/system/CodeIgniter.php(326): CodeIgniter\CodeIgniter->handleRequest()
#4 /var/www/html/APIREST_generica/public/index.php(37): CodeIgniter\CodeIgniter->run()
#5 {main}
CRITICAL - 2022-03-10 16:53:43 --> syntax error, unexpected '(', expecting variable (T_VARIABLE)
#0 /var/www/html/APIREST_generica/app/Controllers/Jwt_test.php(15): helper()
#1 /var/www/html/APIREST_generica/system/CodeIgniter.php(809): App\Controllers\Jwt_test->__construct()
#2 /var/www/html/APIREST_generica/system/CodeIgniter.php(410): CodeIgniter\CodeIgniter->createController()
#3 /var/www/html/APIREST_generica/system/CodeIgniter.php(326): CodeIgniter\CodeIgniter->handleRequest()
#4 /var/www/html/APIREST_generica/public/index.php(37): CodeIgniter\CodeIgniter->run()
#5 {main}
CRITICAL - 2022-03-10 16:55:15 --> syntax error, unexpected '(', expecting variable (T_VARIABLE)
#0 /var/www/html/APIREST_generica/app/Controllers/Jwt_test.php(15): helper()
#1 /var/www/html/APIREST_generica/system/CodeIgniter.php(809): App\Controllers\Jwt_test->__construct()
#2 /var/www/html/APIREST_generica/system/CodeIgniter.php(410): CodeIgniter\CodeIgniter->createController()
#3 /var/www/html/APIREST_generica/system/CodeIgniter.php(326): CodeIgniter\CodeIgniter->handleRequest()
#4 /var/www/html/APIREST_generica/public/index.php(37): CodeIgniter\CodeIgniter->run()
#5 {main}
CRITICAL - 2022-03-10 17:19:07 --> Using $this when not in object context
#0 /var/www/html/APIREST_generica/app/Controllers/Jwt_test.php(26): getJwt()
#1 /var/www/html/APIREST_generica/system/CodeIgniter.php(832): App\Controllers\Jwt_test->index()
#2 /var/www/html/APIREST_generica/system/CodeIgniter.php(419): CodeIgniter\CodeIgniter->runController()
#3 /var/www/html/APIREST_generica/system/CodeIgniter.php(326): CodeIgniter\CodeIgniter->handleRequest()
#4 /var/www/html/APIREST_generica/public/index.php(37): CodeIgniter\CodeIgniter->run()
#5 {main}
CRITICAL - 2022-03-10 17:19:34 --> Undefined variable: usuarios_model
#0 /var/www/html/APIREST_generica/app/Helpers/jwtcheck_helper.php(59): CodeIgniter\Debug\Exceptions->errorHandler()
#1 /var/www/html/APIREST_generica/app/Controllers/Jwt_test.php(26): getJwt()
#2 /var/www/html/APIREST_generica/system/CodeIgniter.php(832): App\Controllers\Jwt_test->index()
#3 /var/www/html/APIREST_generica/system/CodeIgniter.php(419): CodeIgniter\CodeIgniter->runController()
#4 /var/www/html/APIREST_generica/system/CodeIgniter.php(326): CodeIgniter\CodeIgniter->handleRequest()
#5 /var/www/html/APIREST_generica/public/index.php(37): CodeIgniter\CodeIgniter->run()
#6 {main}
CRITICAL - 2022-03-10 17:21:02 --> Error parsing ObjectId string: user_id
#0 /var/www/html/APIREST_generica/app/Models/UsuariosModel.php(36): MongoDB\BSON\ObjectId->__construct()
#1 /var/www/html/APIREST_generica/app/Helpers/jwtcheck_helper.php(59): App\Models\UsuariosModel->obtenerUsuario()
#2 /var/www/html/APIREST_generica/app/Controllers/Jwt_test.php(26): getJwt()
#3 /var/www/html/APIREST_generica/system/CodeIgniter.php(832): App\Controllers\Jwt_test->index()
#4 /var/www/html/APIREST_generica/system/CodeIgniter.php(419): CodeIgniter\CodeIgniter->runController()
#5 /var/www/html/APIREST_generica/system/CodeIgniter.php(326): CodeIgniter\CodeIgniter->handleRequest()
#6 /var/www/html/APIREST_generica/public/index.php(37): CodeIgniter\CodeIgniter->run()
#7 {main}
CRITICAL - 2022-03-10 17:23:06 --> Error parsing ObjectId string: user_id
#0 /var/www/html/APIREST_generica/app/Models/UsuariosModel.php(36): MongoDB\BSON\ObjectId->__construct()
#1 /var/www/html/APIREST_generica/app/Helpers/jwtcheck_helper.php(59): App\Models\UsuariosModel->obtenerUsuario()
#2 /var/www/html/APIREST_generica/app/Controllers/Jwt_test.php(26): getJwt()
#3 /var/www/html/APIREST_generica/system/CodeIgniter.php(832): App\Controllers\Jwt_test->index()
#4 /var/www/html/APIREST_generica/system/CodeIgniter.php(419): CodeIgniter\CodeIgniter->runController()
#5 /var/www/html/APIREST_generica/system/CodeIgniter.php(326): CodeIgniter\CodeIgniter->handleRequest()
#6 /var/www/html/APIREST_generica/public/index.php(37): CodeIgniter\CodeIgniter->run()
#7 {main}
CRITICAL - 2022-03-10 18:03:41 --> MongoDB\BSON\ObjectId::__construct() expects parameter 1 to be string, object given
#0 /var/www/html/APIREST_generica/app/Models/UsuariosModel.php(36): MongoDB\BSON\ObjectId->__construct()
#1 /var/www/html/APIREST_generica/app/Helpers/jwtcheck_helper.php(66): App\Models\UsuariosModel->obtenerUsuario()
#2 /var/www/html/APIREST_generica/app/Helpers/jwtcheck_helper.php(54): getJwt()
#3 /var/www/html/APIREST_generica/app/Controllers/Jwt_test.php(43): jwtValidation()
#4 /var/www/html/APIREST_generica/system/CodeIgniter.php(832): App\Controllers\Jwt_test->create()
#5 /var/www/html/APIREST_generica/system/CodeIgniter.php(419): CodeIgniter\CodeIgniter->runController()
#6 /var/www/html/APIREST_generica/system/CodeIgniter.php(326): CodeIgniter\CodeIgniter->handleRequest()
#7 /var/www/html/APIREST_generica/public/index.php(37): CodeIgniter\CodeIgniter->run()
#8 {main}
CRITICAL - 2022-03-10 18:05:00 --> Error parsing ObjectId string: user_id
#0 /var/www/html/APIREST_generica/app/Models/UsuariosModel.php(36): MongoDB\BSON\ObjectId->__construct()
#1 /var/www/html/APIREST_generica/app/Helpers/jwtcheck_helper.php(66): App\Models\UsuariosModel->obtenerUsuario()
#2 /var/www/html/APIREST_generica/app/Helpers/jwtcheck_helper.php(54): getJwt()
#3 /var/www/html/APIREST_generica/app/Controllers/Jwt_test.php(43): jwtValidation()
#4 /var/www/html/APIREST_generica/system/CodeIgniter.php(832): App\Controllers\Jwt_test->create()
#5 /var/www/html/APIREST_generica/system/CodeIgniter.php(419): CodeIgniter\CodeIgniter->runController()
#6 /var/www/html/APIREST_generica/system/CodeIgniter.php(326): CodeIgniter\CodeIgniter->handleRequest()
#7 /var/www/html/APIREST_generica/public/index.php(37): CodeIgniter\CodeIgniter->run()
#8 {main}
CRITICAL - 2022-03-10 18:05:24 --> Cannot use object of type stdClass as array
#0 /var/www/html/APIREST_generica/app/Controllers/Jwt_test.php(43): jwtValidation()
#1 /var/www/html/APIREST_generica/system/CodeIgniter.php(832): App\Controllers\Jwt_test->create()
#2 /var/www/html/APIREST_generica/system/CodeIgniter.php(419): CodeIgniter\CodeIgniter->runController()
#3 /var/www/html/APIREST_generica/system/CodeIgniter.php(326): CodeIgniter\CodeIgniter->handleRequest()
#4 /var/www/html/APIREST_generica/public/index.php(37): CodeIgniter\CodeIgniter->run()
#5 {main}
CRITICAL - 2022-03-10 18:07:34 --> Error parsing ObjectId string: user_id
#0 /var/www/html/APIREST_generica/app/Models/UsuariosModel.php(36): MongoDB\BSON\ObjectId->__construct()
#1 /var/www/html/APIREST_generica/app/Helpers/jwtcheck_helper.php(66): App\Models\UsuariosModel->obtenerUsuario()
#2 /var/www/html/APIREST_generica/app/Helpers/jwtcheck_helper.php(54): getJwt()
#3 /var/www/html/APIREST_generica/app/Controllers/Jwt_test.php(43): jwtValidation()
#4 /var/www/html/APIREST_generica/system/CodeIgniter.php(832): App\Controllers\Jwt_test->create()
#5 /var/www/html/APIREST_generica/system/CodeIgniter.php(419): CodeIgniter\CodeIgniter->runController()
#6 /var/www/html/APIREST_generica/system/CodeIgniter.php(326): CodeIgniter\CodeIgniter->handleRequest()
#7 /var/www/html/APIREST_generica/public/index.php(37): CodeIgniter\CodeIgniter->run()
#8 {main}
CRITICAL - 2022-03-10 19:01:13 --> Signature verification failed
#0 /var/www/html/APIREST_generica/app/Helpers/jwtcheck_helper.php(37): Firebase\JWT\JWT::decode()
#1 /var/www/html/APIREST_generica/app/Helpers/jwtcheck_helper.php(47): validateToken()
#2 /var/www/html/APIREST_generica/app/Controllers/Jwt_test.php(43): jwtValidation()
#3 /var/www/html/APIREST_generica/system/CodeIgniter.php(832): App\Controllers\Jwt_test->create()
#4 /var/www/html/APIREST_generica/system/CodeIgniter.php(419): CodeIgniter\CodeIgniter->runController()
#5 /var/www/html/APIREST_generica/system/CodeIgniter.php(326): CodeIgniter\CodeIgniter->handleRequest()
#6 /var/www/html/APIREST_generica/public/index.php(37): CodeIgniter\CodeIgniter->run()
#7 {main}
